<?xml version="1.0" encoding="UTF-8"?>
<testng-results skipped="1" failed="1" ignored="0" total="4" passed="2">
  <reporter-output>
    <line>
      <![CDATA[driver started]]>
    </line>
    <line>
      <![CDATA[driver closed]]>
    </line>
    <line>
      <![CDATA[driver started]]>
    </line>
    <line>
      <![CDATA[driver closed]]>
    </line>
    <line>
      <![CDATA[driver started]]>
    </line>
    <line>
      <![CDATA[driver closed]]>
    </line>
  </reporter-output>
  <suite name="Surefire suite" duration-ms="100810" started-at="2021-05-12T19:23:23 IST" finished-at="2021-05-12T19:25:04 IST">
    <groups>
    </groups>
    <test name="Surefire test" duration-ms="100810" started-at="2021-05-12T19:23:23 IST" finished-at="2021-05-12T19:25:04 IST">
      <class name="com.qa.flipkart.tests.SearchPageTest">
        <test-method status="PASS" signature="setup()[pri:0, instance:com.qa.flipkart.tests.SearchPageTest@6536e911]" name="setup" is-config="true" duration-ms="7353" started-at="2021-05-12T19:24:13 IST" finished-at="2021-05-12T19:24:20 IST">
          <reporter-output>
          </reporter-output>
        </test-method> <!-- setup -->
        <test-method status="PASS" signature="selectDesiredItem()[pri:0, instance:com.qa.flipkart.tests.SearchPageTest@6536e911]" name="selectDesiredItem" duration-ms="39729" started-at="2021-05-12T19:24:20 IST" finished-at="2021-05-12T19:25:00 IST">
          <reporter-output>
          </reporter-output>
        </test-method> <!-- selectDesiredItem -->
        <test-method status="PASS" signature="destroy()[pri:0, instance:com.qa.flipkart.tests.SearchPageTest@6536e911]" name="destroy" is-config="true" duration-ms="4136" started-at="2021-05-12T19:25:00 IST" finished-at="2021-05-12T19:25:04 IST">
          <reporter-output>
          </reporter-output>
        </test-method> <!-- destroy -->
      </class> <!-- com.qa.flipkart.tests.SearchPageTest -->
      <class name="com.qa.flipkart.tests.HomePageTest">
        <test-method status="PASS" signature="setup()[pri:0, instance:com.qa.flipkart.tests.HomePageTest@6b09bb57]" name="setup" is-config="true" duration-ms="18167" started-at="2021-05-12T19:23:23 IST" finished-at="2021-05-12T19:23:42 IST">
          <reporter-output>
            <line>
              <![CDATA[driver started]]>
            </line>
          </reporter-output>
        </test-method> <!-- setup -->
        <test-method status="SKIP" signature="skipm()[pri:0, instance:com.qa.flipkart.tests.HomePageTest@6b09bb57]" name="skipm" duration-ms="14" started-at="2021-05-12T19:23:42 IST" finished-at="2021-05-12T19:23:42 IST">
          <exception class="org.testng.SkipException">
            <message>
              <![CDATA[method skipped]]>
            </message>
            <full-stacktrace>
              <![CDATA[org.testng.SkipException: method skipped
at com.qa.flipkart.tests.HomePageTest.skipm(HomePageTest.java:66)
at sun.reflect.NativeMethodAccessorImpl.invoke0(Native Method)
at sun.reflect.NativeMethodAccessorImpl.invoke(NativeMethodAccessorImpl.java:62)
at sun.reflect.DelegatingMethodAccessorImpl.invoke(DelegatingMethodAccessorImpl.java:43)
at java.lang.reflect.Method.invoke(Method.java:498)
at org.testng.internal.MethodInvocationHelper.invokeMethod(MethodInvocationHelper.java:132)
at org.testng.internal.TestInvoker.invokeMethod(TestInvoker.java:599)
at org.testng.internal.TestInvoker.invokeTestMethod(TestInvoker.java:174)
at org.testng.internal.MethodRunner.runInSequence(MethodRunner.java:46)
at org.testng.internal.TestInvoker$MethodInvocationAgent.invoke(TestInvoker.java:822)
at org.testng.internal.TestInvoker.invokeTestMethods(TestInvoker.java:147)
at org.testng.internal.TestMethodWorker.invokeTestMethods(TestMethodWorker.java:146)
at org.testng.internal.TestMethodWorker.run(TestMethodWorker.java:128)
at java.util.ArrayList.forEach(ArrayList.java:1259)
at org.testng.TestRunner.privateRun(TestRunner.java:764)
at org.testng.TestRunner.run(TestRunner.java:585)
at org.testng.SuiteRunner.runTest(SuiteRunner.java:384)
at org.testng.SuiteRunner.runSequentially(SuiteRunner.java:378)
at org.testng.SuiteRunner.privateRun(SuiteRunner.java:337)
at org.testng.SuiteRunner.run(SuiteRunner.java:286)
at org.testng.SuiteRunnerWorker.runSuite(SuiteRunnerWorker.java:53)
at org.testng.SuiteRunnerWorker.run(SuiteRunnerWorker.java:96)
at org.testng.TestNG.runSuitesSequentially(TestNG.java:1218)
at org.testng.TestNG.runSuitesLocally(TestNG.java:1140)
at org.testng.TestNG.runSuites(TestNG.java:1069)
at org.testng.TestNG.run(TestNG.java:1037)
at org.apache.maven.surefire.testng.TestNGExecutor.run(TestNGExecutor.java:136)
at org.apache.maven.surefire.testng.TestNGDirectoryTestSuite.executeMulti(TestNGDirectoryTestSuite.java:193)
at org.apache.maven.surefire.testng.TestNGDirectoryTestSuite.execute(TestNGDirectoryTestSuite.java:94)
at org.apache.maven.surefire.testng.TestNGProvider.invoke(TestNGProvider.java:145)
at org.apache.maven.surefire.booter.ForkedBooter.runSuitesInProcess(ForkedBooter.java:428)
at org.apache.maven.surefire.booter.ForkedBooter.execute(ForkedBooter.java:162)
at org.apache.maven.surefire.booter.ForkedBooter.run(ForkedBooter.java:562)
at org.apache.maven.surefire.booter.ForkedBooter.main(ForkedBooter.java:548)
]]>
            </full-stacktrace>
          </exception> <!-- org.testng.SkipException -->
          <reporter-output>
          </reporter-output>
        </test-method> <!-- skipm -->
        <test-method status="PASS" signature="destroy()[pri:0, instance:com.qa.flipkart.tests.HomePageTest@6b09bb57]" name="destroy" is-config="true" duration-ms="589" started-at="2021-05-12T19:23:42 IST" finished-at="2021-05-12T19:23:42 IST">
          <reporter-output>
            <line>
              <![CDATA[driver closed]]>
            </line>
          </reporter-output>
        </test-method> <!-- destroy -->
        <test-method status="PASS" signature="setup()[pri:0, instance:com.qa.flipkart.tests.HomePageTest@6b09bb57]" name="setup" is-config="true" duration-ms="9765" started-at="2021-05-12T19:23:42 IST" finished-at="2021-05-12T19:23:52 IST">
          <reporter-output>
            <line>
              <![CDATA[driver started]]>
            </line>
          </reporter-output>
        </test-method> <!-- setup -->
        <test-method status="FAIL" signature="title_validation()[pri:0, instance:com.qa.flipkart.tests.HomePageTest@6b09bb57]" name="title_validation" duration-ms="3236" started-at="2021-05-12T19:23:52 IST" finished-at="2021-05-12T19:23:55 IST">
          <exception class="java.lang.AssertionError">
            <message>
              <![CDATA[expected [Online Shopping Site for Mobiles, Electronics, Furniture, Grocery, Lifestyle, Books & More. Best Offers!] but found []]]>
            </message>
            <full-stacktrace>
              <![CDATA[java.lang.AssertionError: expected [Online Shopping Site for Mobiles, Electronics, Furniture, Grocery, Lifestyle, Books & More. Best Offers!] but found []
at org.testng.Assert.fail(Assert.java:99)
at org.testng.Assert.failNotEquals(Assert.java:1037)
at org.testng.Assert.assertEqualsImpl(Assert.java:140)
at org.testng.Assert.assertEquals(Assert.java:122)
at org.testng.Assert.assertEquals(Assert.java:629)
at org.testng.Assert.assertEquals(Assert.java:639)
at com.qa.flipkart.tests.HomePageTest.title_validation(HomePageTest.java:55)
at sun.reflect.NativeMethodAccessorImpl.invoke0(Native Method)
at sun.reflect.NativeMethodAccessorImpl.invoke(NativeMethodAccessorImpl.java:62)
at sun.reflect.DelegatingMethodAccessorImpl.invoke(DelegatingMethodAccessorImpl.java:43)
at java.lang.reflect.Method.invoke(Method.java:498)
at org.testng.internal.MethodInvocationHelper.invokeMethod(MethodInvocationHelper.java:132)
at org.testng.internal.TestInvoker.invokeMethod(TestInvoker.java:599)
at org.testng.internal.TestInvoker.invokeTestMethod(TestInvoker.java:174)
at org.testng.internal.MethodRunner.runInSequence(MethodRunner.java:46)
at org.testng.internal.TestInvoker$MethodInvocationAgent.invoke(TestInvoker.java:822)
at org.testng.internal.TestInvoker.invokeTestMethods(TestInvoker.java:147)
at org.testng.internal.TestMethodWorker.invokeTestMethods(TestMethodWorker.java:146)
at org.testng.internal.TestMethodWorker.run(TestMethodWorker.java:128)
at java.util.ArrayList.forEach(ArrayList.java:1259)
at org.testng.TestRunner.privateRun(TestRunner.java:764)
at org.testng.TestRunner.run(TestRunner.java:585)
at org.testng.SuiteRunner.runTest(SuiteRunner.java:384)
at org.testng.SuiteRunner.runSequentially(SuiteRunner.java:378)
at org.testng.SuiteRunner.privateRun(SuiteRunner.java:337)
at org.testng.SuiteRunner.run(SuiteRunner.java:286)
at org.testng.SuiteRunnerWorker.runSuite(SuiteRunnerWorker.java:53)
at org.testng.SuiteRunnerWorker.run(SuiteRunnerWorker.java:96)
at org.testng.TestNG.runSuitesSequentially(TestNG.java:1218)
at org.testng.TestNG.runSuitesLocally(TestNG.java:1140)
at org.testng.TestNG.runSuites(TestNG.java:1069)
at org.testng.TestNG.run(TestNG.java:1037)
at org.apache.maven.surefire.testng.TestNGExecutor.run(TestNGExecutor.java:136)
at org.apache.maven.surefire.testng.TestNGDirectoryTestSuite.executeMulti(TestNGDirectoryTestSuite.java:193)
at org.apache.maven.surefire.testng.TestNGDirectoryTestSuite.execute(TestNGDirectoryTestSuite.java:94)
at org.apache.maven.surefire.testng.TestNGProvider.invoke(TestNGProvider.java:145)
at org.apache.maven.surefire.booter.ForkedBooter.runSuitesInProcess(ForkedBooter.java:428)
at org.apache.maven.surefire.booter.ForkedBooter.execute(ForkedBooter.java:162)
at org.apache.maven.surefire.booter.ForkedBooter.run(ForkedBooter.java:562)
at org.apache.maven.surefire.booter.ForkedBooter.main(ForkedBooter.java:548)
]]>
            </full-stacktrace>
          </exception> <!-- java.lang.AssertionError -->
          <reporter-output>
          </reporter-output>
        </test-method> <!-- title_validation -->
        <test-method status="PASS" signature="destroy()[pri:0, instance:com.qa.flipkart.tests.HomePageTest@6b09bb57]" name="destroy" is-config="true" duration-ms="578" started-at="2021-05-12T19:23:55 IST" finished-at="2021-05-12T19:23:56 IST">
          <reporter-output>
            <line>
              <![CDATA[driver closed]]>
            </line>
          </reporter-output>
        </test-method> <!-- destroy -->
        <test-method status="PASS" signature="setup()[pri:0, instance:com.qa.flipkart.tests.HomePageTest@6b09bb57]" name="setup" is-config="true" duration-ms="9802" started-at="2021-05-12T19:23:56 IST" finished-at="2021-05-12T19:24:06 IST">
          <reporter-output>
            <line>
              <![CDATA[driver started]]>
            </line>
          </reporter-output>
        </test-method> <!-- setup -->
        <test-method status="PASS" signature="searchItem()[pri:1, instance:com.qa.flipkart.tests.HomePageTest@6b09bb57]" name="searchItem" duration-ms="2986" started-at="2021-05-12T19:24:06 IST" finished-at="2021-05-12T19:24:09 IST">
          <reporter-output>
          </reporter-output>
        </test-method> <!-- searchItem -->
        <test-method status="PASS" signature="destroy()[pri:0, instance:com.qa.flipkart.tests.HomePageTest@6b09bb57]" name="destroy" is-config="true" duration-ms="4238" started-at="2021-05-12T19:24:09 IST" finished-at="2021-05-12T19:24:13 IST">
          <reporter-output>
            <line>
              <![CDATA[driver closed]]>
            </line>
          </reporter-output>
        </test-method> <!-- destroy -->
      </class> <!-- com.qa.flipkart.tests.HomePageTest -->
    </test> <!-- Surefire test -->
  </suite> <!-- Surefire suite -->
</testng-results>
